<?xml version="1.0" encoding="UTF-8"?>
<!-- Generated by org.testng.reporters.JUnitReportReporter -->
<testsuite hostname="DESKTOP-TKN4JNM" failures="0" tests="3" name="com.runner.files.ParallelRunner" time="16.643" errors="0" timestamp="2023-09-22T03:16:13 IST" skipped="0">
  <testcase classname="com.runner.files.ParallelRunner" name="runScenario" time="5.612"/>
  <system-out/>
  <testcase classname="com.runner.files.ParallelRunner" name="runScenario" time="4.941"/>
  <system-out/>
  <testcase classname="com.runner.files.ParallelRunner" name="runScenario" time="6.090"/>
  <system-out/>
</testsuite> <!-- com.runner.files.ParallelRunner -->
